\BOOKMARK [1][-]{section.1}{\376\377\000I\000n\000t\000r\000o\000d\000u\000c\000t\000i\000o\000n}{}% 1
\BOOKMARK [1][-]{section.2}{\376\377\000L\000i\000t\000e\000r\000a\000t\000u\000r\000e\000\040\000R\000e\000v\000i\000e\000w}{}% 2
\BOOKMARK [2][-]{subsection.2.1}{\376\377\000B\000r\000o\000a\000d\000b\000a\000n\000d\000\040\000D\000e\000m\000a\000n\000d\000\040\000E\000s\000t\000i\000m\000a\000t\000i\000o\000n}{section.2}% 3
\BOOKMARK [2][-]{subsection.2.2}{\376\377\000P\000r\000i\000c\000e\000\040\000E\000l\000a\000s\000t\000i\000c\000i\000t\000y\000\040\000H\000e\000t\000e\000r\000o\000g\000e\000n\000e\000i\000t\000y}{section.2}% 4
\BOOKMARK [2][-]{subsection.2.3}{\376\377\000D\000i\000g\000i\000t\000a\000l\000\040\000D\000i\000v\000i\000d\000e\000\040\000i\000n\000\040\000E\000u\000r\000o\000p\000e}{section.2}% 5
\BOOKMARK [2][-]{subsection.2.4}{\376\377\000C\000O\000V\000I\000D\000-\0001\0009\000\040\000a\000n\000d\000\040\000D\000i\000g\000i\000t\000a\000l\000\040\000T\000r\000a\000n\000s\000f\000o\000r\000m\000a\000t\000i\000o\000n}{section.2}% 6
\BOOKMARK [2][-]{subsection.2.5}{\376\377\000R\000e\000s\000e\000a\000r\000c\000h\000\040\000G\000a\000p\000\040\000a\000n\000d\000\040\000C\000o\000n\000t\000r\000i\000b\000u\000t\000i\000o\000n}{section.2}% 7
\BOOKMARK [1][-]{section.3}{\376\377\000D\000a\000t\000a\000\040\000a\000n\000d\000\040\000V\000a\000r\000i\000a\000b\000l\000e\000s}{}% 8
\BOOKMARK [2][-]{subsection.3.1}{\376\377\000S\000a\000m\000p\000l\000e\000\040\000C\000o\000v\000e\000r\000a\000g\000e}{section.3}% 9
\BOOKMARK [2][-]{subsection.3.2}{\376\377\000D\000e\000p\000e\000n\000d\000e\000n\000t\000\040\000V\000a\000r\000i\000a\000b\000l\000e}{section.3}% 10
\BOOKMARK [2][-]{subsection.3.3}{\376\377\000K\000e\000y\000\040\000I\000n\000d\000e\000p\000e\000n\000d\000e\000n\000t\000\040\000V\000a\000r\000i\000a\000b\000l\000e\000s}{section.3}% 11
\BOOKMARK [2][-]{subsection.3.4}{\376\377\000C\000o\000n\000t\000r\000o\000l\000\040\000V\000a\000r\000i\000a\000b\000l\000e\000s}{section.3}% 12
\BOOKMARK [2][-]{subsection.3.5}{\376\377\000C\000O\000V\000I\000D\000-\0001\0009\000\040\000V\000a\000r\000i\000a\000b\000l\000e}{section.3}% 13
\BOOKMARK [2][-]{subsection.3.6}{\376\377\000D\000e\000s\000c\000r\000i\000p\000t\000i\000v\000e\000\040\000S\000t\000a\000t\000i\000s\000t\000i\000c\000s}{section.3}% 14
\BOOKMARK [1][-]{section.4}{\376\377\000M\000e\000t\000h\000o\000d\000o\000l\000o\000g\000y}{}% 15
\BOOKMARK [2][-]{subsection.4.1}{\376\377\000E\000m\000p\000i\000r\000i\000c\000a\000l\000\040\000S\000t\000r\000a\000t\000e\000g\000y}{section.4}% 16
\BOOKMARK [2][-]{subsection.4.2}{\376\377\000B\000a\000s\000e\000l\000i\000n\000e\000\040\000S\000p\000e\000c\000i\000f\000i\000c\000a\000t\000i\000o\000n}{section.4}% 17
\BOOKMARK [2][-]{subsection.4.3}{\376\377\000C\000o\000e\000f\000f\000i\000c\000i\000e\000n\000t\000\040\000I\000n\000t\000e\000r\000p\000r\000e\000t\000a\000t\000i\000o\000n}{section.4}% 18
\BOOKMARK [2][-]{subsection.4.4}{\376\377\000I\000d\000e\000n\000t\000i\000f\000i\000c\000a\000t\000i\000o\000n}{section.4}% 19
\BOOKMARK [2][-]{subsection.4.5}{\376\377\000S\000t\000a\000n\000d\000a\000r\000d\000\040\000E\000r\000r\000o\000r\000s}{section.4}% 20
\BOOKMARK [2][-]{subsection.4.6}{\376\377\000R\000o\000b\000u\000s\000t\000n\000e\000s\000s\000\040\000S\000p\000e\000c\000i\000f\000i\000c\000a\000t\000i\000o\000n\000s}{section.4}% 21
\BOOKMARK [2][-]{subsection.4.7}{\376\377\000P\000o\000t\000e\000n\000t\000i\000a\000l\000\040\000E\000n\000d\000o\000g\000e\000n\000e\000i\000t\000y\000\040\000C\000o\000n\000c\000e\000r\000n\000s}{section.4}% 22
\BOOKMARK [1][-]{section.5}{\376\377\000R\000e\000s\000u\000l\000t\000s}{}% 23
\BOOKMARK [2][-]{subsection.5.1}{\376\377\000M\000a\000i\000n\000\040\000S\000p\000e\000c\000i\000f\000i\000c\000a\000t\000i\000o\000n}{section.5}% 24
\BOOKMARK [2][-]{subsection.5.2}{\376\377\000R\000o\000b\000u\000s\000t\000n\000e\000s\000s\000:\000\040\000S\000e\000p\000a\000r\000a\000t\000e\000\040\000R\000e\000g\000i\000o\000n\000a\000l\000\040\000R\000e\000g\000r\000e\000s\000s\000i\000o\000n\000s}{section.5}% 25
\BOOKMARK [2][-]{subsection.5.3}{\376\377\000R\000o\000b\000u\000s\000t\000n\000e\000s\000s\000:\000\040\000F\000u\000l\000l\000\040\000P\000e\000r\000i\000o\000d\000\040\000A\000n\000a\000l\000y\000s\000i\000s}{section.5}% 26
